RUN_MODE=FORMAL
FORMAL_EXPERIMENT=true
Git commit: 46c77ed1ca8737cfbd09aed629fe9e3aa306b12a
Device: cuda
Parameter count: 2846755
Resolved config:
{
  "data": {
    "batch_size": 4,
    "hflip": true,
    "num_workers": 4,
    "pad_if_smaller": true,
    "patch_size": 256,
    "rot90": true,
    "train_manifest": "splits/lsui19/train.tsv",
    "validation_manifest": "splits/lsui19/validation.tsv",
    "vflip": true
  },
  "experiment": {
    "deterministic": false,
    "name": "nafnet_small_lsui_formal_seed3407",
    "seed": 3407
  },
  "loss": {
    "epsilon": 0.001,
    "name": "charbonnier"
  },
  "metrics": {
    "crop_border": 0,
    "data_range": 1.0,
    "ssim_sigma": 1.5,
    "ssim_window_size": 11
  },
  "model": {
    "dec_blk_nums": [
      2,
      2,
      2
    ],
    "enc_blk_nums": [
      2,
      2,
      2
    ],
    "img_channel": 3,
    "middle_blk_num": 4,
    "width": 32
  },
  "optimizer": {
    "betas": [
      0.9,
      0.999
    ],
    "learning_rate": 0.0002,
    "name": "AdamW",
    "weight_decay": 0.0
  },
  "runtime": {
    "actual_train_manifest": "/root/autodl-tmp/pro/UIE3_workspace/UIE3/splits/lsui19/train.tsv",
    "actual_validation_manifest": "/root/autodl-tmp/pro/UIE3_workspace/UIE3/splits/lsui19/validation.tsv",
    "dataset_root": "/root/autodl-tmp/pro/publicdata/LSUI19_dup_train",
    "device": "cuda",
    "formal_experiment": true,
    "max_steps": 3568,
    "output_dir": "/tmp/UIE3_phase_b3b_1r1c/resume_probe",
    "run_mode": "formal"
  },
  "training": {
    "amp": true,
    "epochs": 200,
    "gradient_clip_norm": null,
    "save_every": 10,
    "validate_every": 1
  }
}
{"best_validation_psnr": 23.311626689465015, "epoch": 4, "global_step": 3568, "is_best": false, "learning_rate": 0.0002, "train_loss": 0.06111010521650315, "validation_psnr": 23.133171978244533, "validation_ssim": 0.8517438883905287}
resume_probe_exit_code=0
